<?xml version="1.0" encoding="UTF-8"?>
<!-- Generated by org.testng.reporters.JUnitReportReporter -->
<testsuite hostname="LAPTOP-DGDR47U5" failures="0" tests="2" name="testCases.TC_009_WishList" time="120.183" errors="0" timestamp="2022-12-10T11:07:28 IST" skipped="0">
  <testcase classname="testCases.TC_009_WishList" name="wishList_if_no_pdts" time="60.111"/>
  <system-out/>
  <testcase classname="testCases.TC_009_WishList" name="pdtDisplay_to_WL" time="60.072"/>
  <system-out/>
</testsuite> <!-- testCases.TC_009_WishList -->
