<?xml version="1.0" encoding="UTF-8"?>
<!-- Generated by org.testng.reporters.JUnitReportReporter -->
<testsuite hostname="LAPTOP-DGDR47U5" failures="0" tests="4" name="testCases.TC_012_CheckOut" time="120.161" errors="0" timestamp="2022-12-10T11:07:28 IST" skipped="0">
  <testcase classname="testCases.TC_012_CheckOut" name="checkOut_WithOutPDTs" time="30.039"/>
  <system-out/>
  <testcase classname="testCases.TC_012_CheckOut" name="checkOut_WithPDTs_existingadd" time="30.019"/>
  <system-out/>
  <testcase classname="testCases.TC_012_CheckOut" name="chekOut_newAd_payment" time="30.041"/>
  <system-out/>
  <testcase classname="testCases.TC_012_CheckOut" name="checkout_newAddr_Shipping" time="30.062"/>
  <system-out/>
</testsuite> <!-- testCases.TC_012_CheckOut -->
