<?xml version="1.0" encoding="UTF-8"?>
<!-- Generated by org.testng.reporters.JUnitReportReporter -->
<testsuite hostname="LAPTOP-DGDR47U5" failures="0" tests="4" name="testCases.TC_016_AddressBook" time="240.320" errors="0" timestamp="2022-12-10T11:07:28 IST" skipped="0">
  <testcase classname="testCases.TC_016_AddressBook" name="AddNewAddress" time="60.073"/>
  <system-out/>
  <testcase classname="testCases.TC_016_AddressBook" name="makeDefault_Yes" time="60.088"/>
  <system-out/>
  <testcase classname="testCases.TC_016_AddressBook" name="default_Delete" time="60.045"/>
  <system-out/>
  <testcase classname="testCases.TC_016_AddressBook" name="delete_Account" time="60.114"/>
  <system-out/>
</testsuite> <!-- testCases.TC_016_AddressBook -->
