<?xml version="1.0" encoding="UTF-8"?>
<!-- Generated by org.testng.reporters.JUnitReportReporter -->
<testsuite hostname="LAPTOP-DGDR47U5" failures="0" tests="1" name="testCases.TC_006_ProductCompare" time="9.505" errors="0" timestamp="2022-12-10T11:07:28 IST" skipped="0">
  <testcase classname="testCases.TC_006_ProductCompare" name="pdtcmpWithProduct" time="9.505"/>
  <system-out/>
</testsuite> <!-- testCases.TC_006_ProductCompare -->
