<?xml version="1.0" encoding="UTF-8"?>
<!-- Generated by org.testng.reporters.JUnitReportReporter -->
<testsuite hostname="LAPTOP-DGDR47U5" failures="0" tests="1" name="testCases.TC_001_AccountRegistration" time="19.549" errors="0" timestamp="2022-06-08T21:03:42 IST" skipped="0">
  <testcase classname="testCases.TC_001_AccountRegistration" name="test_accout_Registration" time="19.549"/>
  <system-out/>
</testsuite> <!-- testCases.TC_001_AccountRegistration -->
