<?xml version="1.0" encoding="UTF-8"?>
<!-- Generated by org.testng.reporters.JUnitReportReporter -->
<testsuite hostname="LAPTOP-DGDR47U5" failures="0" tests="1" name="testCases.TC_008_AddToCart" time="30.054" errors="0" timestamp="2022-12-10T11:07:28 IST" skipped="0">
  <testcase classname="testCases.TC_008_AddToCart" name="pdt_AddToCart" time="30.054"/>
  <system-out/>
</testsuite> <!-- testCases.TC_008_AddToCart -->
