<?xml version="1.0" encoding="UTF-8"?>
<!-- Generated by org.testng.reporters.JUnitReportReporter -->
<testsuite hostname="LAPTOP-DGDR47U5" failures="0" tests="1" name="testCases.TC_001_RegistrationPage" time="0.021" errors="0" timestamp="2022-06-06T17:22:51 IST" skipped="0">
  <testcase classname="testCases.TC_001_RegistrationPage" name="AccountRegistrationTest" time="0.021"/>
  <system-out/>
</testsuite> <!-- testCases.TC_001_RegistrationPage -->
